<?xml version="1.0" encoding="UTF-8"?>
<!-- Generated by org.testng.reporters.JUnitReportReporter -->
<testsuite hostname="Vijaya-PC" failures="0" tests="1" name="config.StartBrowser" time="2.696" errors="0" timestamp="2021-03-14T15:04:52 PDT" skipped="0">
  <testcase classname="config.StartBrowser" name="launch" time="2.696"/>
  <system-out/>
</testsuite> <!-- config.StartBrowser -->
