<?xml version="1.0" encoding="UTF-8"?>
<!-- Generated by org.testng.reporters.JUnitReportReporter -->
<testsuite hostname="Vijaya-PC" failures="0" tests="1" name="scripts.TC01" time="6.019" errors="0" timestamp="2021-03-14T15:56:09 PDT" skipped="0">
  <testcase classname="scripts.TC01" name="testLogin" time="6.019"/>
  <system-out/>
</testsuite> <!-- scripts.TC01 -->
