<?xml version="1.0" encoding="UTF-8"?>
<!-- Generated by org.testng.reporters.JUnitReportReporter -->
<testsuite hostname="Vijaya-PC" failures="0" tests="3" name="webDriver.Class1" time="14.960" errors="0" timestamp="2021-03-10T10:33:56 PST" skipped="0">
  <testcase classname="webDriver.Class1" name="verifyGoogle" time="2.659"/>
  <system-out/>
  <testcase classname="webDriver.Class1" name="verifyYahoo" time="9.773"/>
  <system-out/>
  <testcase classname="webDriver.Class1" name="verifyGcrit" time="2.528"/>
  <system-out/>
</testsuite> <!-- webDriver.Class1 -->
