<?xml version="1.0" encoding="UTF-8"?>
<!-- Generated by org.testng.reporters.JUnitReportReporter -->
<testsuite hostname="Vijaya-PC" failures="0" tests="1" name="webDriver.VerifyTitle" time="10.750" errors="0" timestamp="2021-03-09T18:09:51 PST" skipped="0">
  <testcase classname="webDriver.VerifyTitle" name="verifyTitle" time="10.750"/>
  <system-out/>
</testsuite> <!-- webDriver.VerifyTitle -->
