<?xml version="1.0" encoding="UTF-8"?>
<!-- Generated by org.testng.reporters.JUnitReportReporter -->
<testsuite hostname="Vijaya-PC" failures="0" tests="7" name="webDriver.ClassG" time="32.440" errors="0" timestamp="2021-03-10T12:56:54 PST" skipped="0">
  <testcase classname="webDriver.ClassG" name="launchBrowser" time="3.746"/>
  <system-out/>
  <testcase classname="webDriver.ClassG" name="verifyGcrit" time="3.682"/>
  <system-out/>
  <testcase classname="webDriver.ClassG" name="verifyGoogle" time="1.591"/>
  <system-out/>
  <testcase classname="webDriver.ClassG" name="verifyYahoo" time="6.812"/>
  <system-out/>
  <testcase classname="webDriver.ClassG" name="verifyBoA" time="2.682"/>
  <system-out/>
  <testcase classname="webDriver.ClassG" name="verifyICICI" time="9.792"/>
  <system-out/>
  <testcase classname="webDriver.ClassG" name="closeBrowser" time="4.135"/>
  <system-out/>
</testsuite> <!-- webDriver.ClassG -->
