<?xml version="1.0" encoding="UTF-8"?>
<!-- Generated by org.testng.reporters.JUnitReportReporter -->
<testsuite hostname="Vijaya-PC" failures="0" tests="1" name="webDriver.TestNGtest" time="0.020" errors="0" timestamp="2021-03-09T17:57:30 PST" skipped="0">
  <testcase classname="webDriver.TestNGtest" name="hello" time="0.020"/>
  <system-out/>
</testsuite> <!-- webDriver.TestNGtest -->
