<?xml version="1.0" encoding="UTF-8"?>
<!-- Generated by org.testng.reporters.JUnitReportReporter -->
<testsuite hostname="Vijaya-PC" failures="0" tests="1" name="tests.BaseClass" time="0.009" errors="0" timestamp="2021-03-22T15:35:52 PDT" skipped="0">
  <testcase classname="tests.BaseClass" name="sampleTest" time="0.009"/>
  <system-out/>
</testsuite> <!-- tests.BaseClass -->
